4900.00000 -1.58739119e+01
4900.00000 -1.00343668e+00
4900.00000 -1.13005185e+00
4900.00000 -1.13005185e+00
4900.00000 -1.00343668e+00
4900.00000 -1.00343668e+00
4900.00000 -1.13005185e+00
4900.00000 -1.13005185e+00
4900.00000 -1.13005185e+00
4900.00000 -1.13005185e+00
4900.00000 -1.13005185e+00
4900.00000 -1.13005185e+00
4900.00000 -1.13005185e+00
4900.00000 -1.13005185e+00
4900.00000 -1.13005185e+00
4900.00000 -1.13005185e+00
4900.00000 -1.13005185e+00
4900.00000 -1.13005185e+00
4900.00000 -1.13005185e+00
4900.00000 -1.13005185e+00
4900.00000 -1.00343668e+00
4900.00000 -1.13005185e+00
4900.00000 -1.13005185e+00
4900.00000 -1.13005185e+00
4900.00000 -1.13005185e+00
