4900.00000 -1.53666697e+01
4900.00000 -1.11743081e+00
4900.00000 -1.21092832e+00
4900.00000 -1.21092832e+00
4900.00000 -1.11743081e+00
4900.00000 -1.11743081e+00
4900.00000 -1.21092832e+00
4900.00000 -1.21092832e+00
4900.00000 -1.21092832e+00
4900.00000 -1.21092832e+00
4900.00000 -1.21092832e+00
4900.00000 -1.21092832e+00
4900.00000 -1.21092832e+00
4900.00000 -1.21092832e+00
4900.00000 -1.21092832e+00
4900.00000 -1.21092832e+00
4900.00000 -1.21092832e+00
4900.00000 -1.21092832e+00
4900.00000 -1.21092832e+00
4900.00000 -1.21092832e+00
4900.00000 -1.11743081e+00
4900.00000 -1.21092832e+00
4900.00000 -1.21092832e+00
4900.00000 -1.21092832e+00
4900.00000 -1.21092832e+00
