4900.00000 -1.60113735e+01
4900.00000 -1.04668510e+00
4900.00000 -1.18023658e+00
4900.00000 -1.18023658e+00
4900.00000 -1.04668510e+00
4900.00000 -1.04668510e+00
4900.00000 -1.18023658e+00
4900.00000 -1.18023658e+00
4900.00000 -1.18023658e+00
4900.00000 -1.18023658e+00
4900.00000 -1.18023658e+00
4900.00000 -1.18023658e+00
4900.00000 -1.18023658e+00
4900.00000 -1.18023658e+00
4900.00000 -1.18023658e+00
4900.00000 -1.18023658e+00
4900.00000 -1.18023658e+00
4900.00000 -1.18023658e+00
4900.00000 -1.18023658e+00
4900.00000 -1.18023658e+00
4900.00000 -1.04668510e+00
4900.00000 -1.18023658e+00
4900.00000 -1.18023658e+00
4900.00000 -1.18023658e+00
4900.00000 -1.18023658e+00
