  549.979  6.027191e+01  2.981073e+02  7.167583e+01 
  550.434  5.926633e+01  2.935646e+02  7.056618e+01 
  550.888  5.916534e+01  2.928791e+02  7.040889e+01 
  551.344  5.786510e+01  2.863260e+02  6.883823e+01 
  551.800  6.067004e+01  2.998646e+02  7.210692e+01 
  552.257  6.135525e+01  3.031705e+02  7.290515e+01 
  552.715  5.944764e+01  2.935737e+02  7.060427e+01 
  553.174  5.877887e+01  2.900929e+02  6.977435e+01 
  553.633  5.889026e+01  2.904774e+02  6.987353e+01 
  554.093  6.188385e+01  3.050360e+02  7.338396e+01 
  554.554  6.093580e+01  3.001565e+02  7.221847e+01 
  555.016  6.076758e+01  2.991469e+02  7.198289e+01 
  555.479  5.856149e+01  2.881417e+02  6.934064e+01 
  555.942  6.139479e+01  3.018334e+02  7.264564e+01 
  556.406  5.814059e+01  2.856829e+02  6.876470e+01 
  556.870  5.920888e+01  2.906596e+02  6.997371e+01 
  557.336  5.687369e+01  2.790008e+02  6.717490e+01 
  557.802  5.918563e+01  2.901460e+02  6.986632e+01 
  558.269  6.035664e+01  2.956587e+02  7.120306e+01 
  558.737  5.549332e+01  2.717129e+02  6.544125e+01 
  559.206  5.643765e+01  2.761500e+02  6.651753e+01 
  559.675  5.908250e+01  2.887959e+02  6.957569e+01 
  560.146  5.714331e+01  2.791415e+02  6.725697e+01 
