   0.000000  1.097675e-01  1.311219e-01 
   0.100000  1.074266e-01  1.310810e-01 
   0.200000  1.050991e-01  1.306353e-01 
   0.250000  1.039395e-01  1.303264e-01 
   0.300000  1.027824e-01  1.299765e-01 
   0.500000  9.819917e-02  1.282940e-01 
   0.900000  8.932678e-02  1.242543e-01 
   1.000000  8.714955e-02  1.232036e-01 
   1.200000  8.282430e-02  1.210488e-01 
   2.000000  6.662531e-02  1.123111e-01 
   3.000000  4.928920e-02  1.024553e-01 
   3.500000  4.195306e-02  9.817406e-02 
   4.000000  3.556438e-02  9.418418e-02 
   4.100000  3.439828e-02  9.343007e-02 
   5.000000  2.554647e-02  8.709010e-02 
   6.000000  1.842030e-02  8.105724e-02 
   7.000000  1.333578e-02  7.588871e-02 
   8.000000  9.710083e-03  7.146722e-02 
   9.000000  7.156362e-03  6.771668e-02 
  10.000000  5.419393e-03  6.458132e-02 
  10.100000  5.283665e-03  6.429768e-02 
  10.150000  5.218249e-03  6.415767e-02 
  10.200000  5.154463e-03  6.401890e-02 
  11.000000  4.357709e-03  6.197028e-02 
  12.000000  3.692810e-03  6.010981e-02 
  13.000000  3.123996e-03  5.892241e-02 
  14.000000  2.645277e-03  5.812745e-02 
  15.000000  2.251831e-03  5.758139e-02 
  16.000000  1.933921e-03  5.720008e-02 
  17.000000  1.681539e-03  5.693220e-02 
  18.000000  1.482921e-03  5.674367e-02 
  19.000000  1.326605e-03  5.661139e-02 
  20.000000  1.203081e-03  5.651918e-02 
  21.000000  1.095212e-03  5.646472e-02 
  22.000000  9.857113e-04  5.644028e-02 
  23.000000  8.711872e-04  5.643357e-02 
  24.000000  7.531750e-04  5.643720e-02 
  25.000000  6.374897e-04  5.644649e-02 
  27.500000  3.837707e-04  5.647866e-02 
  30.000000  2.027861e-04  5.650780e-02 
  32.500000  9.817931e-05  5.652928e-02 
  35.000000  4.429408e-05  5.654608e-02 
  37.500000  1.862711e-05  5.655726e-02 
  40.000000  7.596450e-06  5.656314e-02 
  42.500000  3.108371e-06  5.656588e-02 
  45.000000  1.315445e-06  5.656708e-02 
  47.500000  5.138841e-07  5.656767e-02 
  50.000000  2.027627e-07  5.656790e-02 
  55.000000  4.042739e-08  5.656800e-02 
  60.000000  8.343863e-09  5.656801e-02 
  65.000000  1.750127e-09  5.656801e-02 
  70.000000  4.174767e-10  5.656801e-02 
  75.000000  1.326173e-10  5.656801e-02 
  80.000000  6.643675e-11  5.656801e-02 
  85.000000  5.003190e-11  5.656801e-02 
  90.000000  4.439245e-11  5.656801e-02 
  95.000000  4.207616e-11  5.656801e-02 
 100.000000  4.087108e-11  5.656801e-02 
 105.000000  3.988062e-11  5.656801e-02 
 110.000000  3.758402e-11  5.656801e-02 
 115.000000  2.543084e-11  5.656801e-02 
 120.000000  3.071174e-17  5.656801e-02 
