  549.979  6.962933e+01  2.992300e+02  7.377187e+01 
  550.434  6.846744e+01  2.946488e+02  7.262325e+01 
  550.888  6.835053e+01  2.939574e+02  7.246159e+01 
  551.344  6.684824e+01  2.873769e+02  7.084503e+01 
  551.800  7.008820e+01  3.009598e+02  7.420960e+01 
  552.257  7.087946e+01  3.042711e+02  7.503011e+01 
  552.715  6.867547e+01  2.946354e+02  7.266218e+01 
  553.174  6.790260e+01  2.911382e+02  7.180816e+01 
  553.633  6.803100e+01  2.915196e+02  7.191011e+01 
  554.093  7.148891e+01  3.061252e+02  7.552283e+01 
  554.554  7.039336e+01  3.012232e+02  7.432332e+01 
  555.016  7.019875e+01  3.002061e+02  7.408097e+01 
  555.479  6.765005e+01  2.891601e+02  7.136203e+01 
  555.942  7.092272e+01  3.028970e+02  7.476395e+01 
  556.406  6.716328e+01  2.866879e+02  7.077024e+01 
  556.870  6.839698e+01  2.916792e+02  7.201525e+01 
  557.336  6.569913e+01  2.799769e+02  6.913520e+01 
  557.802  6.836954e+01  2.911588e+02  7.190566e+01 
  558.269  6.972196e+01  2.966887e+02  7.328214e+01 
  558.737  6.410382e+01  2.726581e+02  6.735239e+01 
  559.206  6.519440e+01  2.771086e+02  6.846061e+01 
  559.675  6.824919e+01  2.897952e+02  7.160888e+01 
  560.146  6.600891e+01  2.801060e+02  6.922299e+01 
